[debug] [2018-04-12T08:32:44.910Z] ----------------------------------------------------------------------
[debug] [2018-04-12T08:32:44.913Z] Command:       /home/developer/.nvm/versions/node/v6.9.2/bin/node /home/developer/.nvm/versions/node/v6.9.2/bin/firebase serve
[debug] [2018-04-12T08:32:44.914Z] CLI Version:   3.18.2
[debug] [2018-04-12T08:32:44.914Z] Platform:      linux
[debug] [2018-04-12T08:32:44.914Z] Node Version:  v6.9.2
[debug] [2018-04-12T08:32:44.914Z] Time:          Thu Apr 12 2018 14:02:44 GMT+0530 (IST)
[debug] [2018-04-12T08:32:44.914Z] ----------------------------------------------------------------------
[debug] 
[debug] [2018-04-12T08:32:44.927Z] > command requires scopes: ["email","openid","https://www.googleapis.com/auth/cloudplatformprojects.readonly","https://www.googleapis.com/auth/firebase","https://www.googleapis.com/auth/cloud-platform"]
[debug] [2018-04-12T08:32:44.927Z] > authorizing via signed-in user
[debug] [2018-04-12T08:32:44.930Z] >>> HTTP REQUEST GET https://admin.firebase.com/v1/projects/worldwiders-d157f  
  
 Thu Apr 12 2018 14:02:44 GMT+0530 (IST)
[debug] [2018-04-12T08:32:47.341Z] <<< HTTP RESPONSE 200
[debug] [2018-04-12T08:32:47.343Z] >>> HTTP REQUEST GET https://admin.firebase.com/v1/database/worldwiders-d157f/tokens  
  
 Thu Apr 12 2018 14:02:47 GMT+0530 (IST)
[debug] [2018-04-12T08:32:48.440Z] <<< HTTP RESPONSE 200
[debug] [2018-04-12T08:32:48.441Z] >>> HTTP REQUEST GET https://cloudresourcemanager.googleapis.com/v1/projects/worldwiders-d157f  
  
 Thu Apr 12 2018 14:02:48 GMT+0530 (IST)
[debug] [2018-04-12T08:32:49.928Z] <<< HTTP RESPONSE 200
[info] 
[info] === Serving from '/media/dev/node/Worldwiders'...
[info] 
[info] i  functions: Preparing to emulate functions.
[debug] [2018-04-12T08:32:50.821Z] Fetching environment
[debug] [2018-04-12T08:32:50.823Z] >>> HTTP REQUEST GET https://mobilesdk-pa.googleapis.com/v1/projects/862147768901:getServerAppConfig  
  
 Thu Apr 12 2018 14:02:50 GMT+0530 (IST)
[debug] [2018-04-12T08:32:50.824Z] >>> HTTP REQUEST GET https://mobilesdk-pa.googleapis.com/v1/projects/862147768901/clients/_:getWebAppConfig  
  
 Thu Apr 12 2018 14:02:50 GMT+0530 (IST)
[debug] [2018-04-12T08:32:51.492Z] <<< HTTP RESPONSE 200
[info] i  hosting: Serving hosting files from: dist
[info] ✔  hosting: Local server: http://localhost:5000

[debug] [2018-04-12T08:32:51.524Z] <<< HTTP RESPONSE 200
[debug] [2018-04-12T08:32:51.524Z] Starting @google-cloud/functions-emulator
[warn] ⚠  functions: Error from emulator. Error: Emulator crashed! Check the log file...
[debug] [2018-04-12T08:32:51.633Z] Error: Emulator crashed! Check the log file...
    at ChildProcess.child.on (/home/developer/.nvm/versions/node/v6.9.2/lib/node_modules/firebase-tools/node_modules/@google-cloud/functions-emulator/src/cli/controller.js:650:24)
    at emitTwo (events.js:106:13)
    at ChildProcess.emit (events.js:191:7)
    at Process.ChildProcess._handle.onexit (internal/child_process.js:215:12)
